<?xml version="1.0" encoding="UTF-8"?>
<!-- Generated by org.testng.reporters.JUnitXMLReporter -->
<testsuite ignored="3" hostname="RATZZ" failures="0" tests="1" name="Test" time="9.326" errors="0" timestamp="2024-12-03T12:10:46 IST">
  <testcase classname="testscript.LoginTest" name="verifyTheUserisAbletologinusingvalidcredentials" time="3.856"/>
  <testcase classname="testscript.LoginTest" name="verifyIfTheUserIsAbleToLoginWithValidUsernameAndInvalidPassword" time="0.0">
    <ignored/>
  </testcase> <!-- verifyIfTheUserIsAbleToLoginWithValidUsernameAndInvalidPassword -->
  <testcase classname="testscript.LoginTest" name="verifyTheUserIsAbleToLoginUsingInvalidCredentials" time="0.0">
    <ignored/>
  </testcase> <!-- verifyTheUserIsAbleToLoginUsingInvalidCredentials -->
  <testcase classname="testscript.LoginTest" name="verifyTheUserIsAbleToLoginUsingInvalidUsernameAndValidPassword" time="0.0">
    <ignored/>
  </testcase> <!-- verifyTheUserIsAbleToLoginUsingInvalidUsernameAndValidPassword -->
</testsuite> <!-- Test -->
