<?xml version="1.0" encoding="UTF-8"?>
<!-- Generated by org.testng.reporters.JUnitXMLReporter -->
<testsuite ignored="3" hostname="RATZZ" failures="0" tests="1" name="EdgeTest" time="3.548" errors="0" timestamp="2024-12-03T22:29:35 IST">
  <testcase classname="testscript.LoginTest" name="verifyTheUserisAbletologinusingvalidcredentials" time="0.622"/>
  <testcase classname="testscript.LoginTest" name="verifyIfTheUserIsAbleToLoginWithValidUsernameAndInvalidPassword" time="0.0">
    <ignored/>
  </testcase> <!-- verifyIfTheUserIsAbleToLoginWithValidUsernameAndInvalidPassword -->
  <testcase classname="testscript.LoginTest" name="verifyTheUserIsAbleToLoginUsingInvalidCredentials" time="0.0">
    <ignored/>
  </testcase> <!-- verifyTheUserIsAbleToLoginUsingInvalidCredentials -->
  <testcase classname="testscript.LoginTest" name="verifyTheUserIsAbleToLoginUsingInvalidUsernameAndValidPassword" time="0.0">
    <ignored/>
  </testcase> <!-- verifyTheUserIsAbleToLoginUsingInvalidUsernameAndValidPassword -->
</testsuite> <!-- EdgeTest -->
