<?xml version="1.0" encoding="UTF-8"?>
<testng-results ignored="0" total="2" passed="2" failed="0" skipped="0">
  <reporter-output>
  </reporter-output>
  <suite started-at="2024-11-30T01:44:34 IST" name="Suite" finished-at="2024-11-30T01:44:41 IST" duration-ms="7643">
    <groups>
    </groups>
    <test started-at="2024-11-30T01:44:34 IST" name="Test" finished-at="2024-11-30T01:44:41 IST" duration-ms="7643">
      <class name="testscript.SubcategoryTest">
        <test-method is-config="true" signature="initializeBrowser(java.lang.String)[pri:0, instance:testscript.SubcategoryTest@7f132176]" started-at="2024-11-30T01:44:34 IST" name="initializeBrowser" finished-at="2024-11-30T01:44:36 IST" duration-ms="2218" status="PASS">
          <params>
            <param index="0">
              <value>
                <![CDATA[chrome]]>
              </value>
            </param>
          </params>
          <reporter-output>
          </reporter-output>
        </test-method> <!-- initializeBrowser -->
        <test-method signature="createSubcategory()[pri:0, instance:testscript.SubcategoryTest@7f132176]" started-at="2024-11-30T01:44:36 IST" name="createSubcategory" finished-at="2024-11-30T01:44:38 IST" duration-ms="2251" status="PASS">
          <reporter-output>
          </reporter-output>
        </test-method> <!-- createSubcategory -->
        <test-method is-config="true" signature="quitandclose()[pri:0, instance:testscript.SubcategoryTest@7f132176]" started-at="2024-11-30T01:44:38 IST" name="quitandclose" finished-at="2024-11-30T01:44:38 IST" duration-ms="1" status="PASS">
          <reporter-output>
          </reporter-output>
        </test-method> <!-- quitandclose -->
        <test-method is-config="true" signature="initializeBrowser(java.lang.String)[pri:0, instance:testscript.SubcategoryTest@7f132176]" started-at="2024-11-30T01:44:38 IST" name="initializeBrowser" finished-at="2024-11-30T01:44:40 IST" duration-ms="1683" status="PASS">
          <params>
            <param index="0">
              <value>
                <![CDATA[chrome]]>
              </value>
            </param>
          </params>
          <reporter-output>
          </reporter-output>
        </test-method> <!-- initializeBrowser -->
        <test-method signature="updateSubcategory()[pri:0, instance:testscript.SubcategoryTest@7f132176]" started-at="2024-11-30T01:44:40 IST" name="updateSubcategory" finished-at="2024-11-30T01:44:41 IST" duration-ms="1456" status="PASS">
          <reporter-output>
          </reporter-output>
        </test-method> <!-- updateSubcategory -->
        <test-method is-config="true" signature="quitandclose()[pri:0, instance:testscript.SubcategoryTest@7f132176]" started-at="2024-11-30T01:44:41 IST" name="quitandclose" finished-at="2024-11-30T01:44:41 IST" duration-ms="0" status="PASS">
          <reporter-output>
          </reporter-output>
        </test-method> <!-- quitandclose -->
      </class> <!-- testscript.SubcategoryTest -->
    </test> <!-- Test -->
  </suite> <!-- Suite -->
</testng-results>
