<?xml version="1.0" encoding="UTF-8"?>
<!-- Generated by org.testng.reporters.JUnitXMLReporter -->
<testsuite ignored="2" hostname="RATZZ" failures="0" tests="2" name="test" time="5.209" errors="0" timestamp="2024-12-05T12:52:58 IST">
  <testcase classname="testscript.LoginTest" name="verifyTheUserisAbletologinusingvalidcredentials" time="1.114"/>
  <testcase classname="testscript.LoginTest" name="verifyIfTheUserIsAbleToLoginWithValidUsernameAndInvalidPassword" time="0.496"/>
  <testcase classname="testscript.LoginTest" name="verifyTheUserIsAbleToLoginUsingInvalidCredentials" time="0.0">
    <ignored/>
  </testcase> <!-- verifyTheUserIsAbleToLoginUsingInvalidCredentials -->
  <testcase classname="testscript.LoginTest" name="verifyTheUserIsAbleToLoginUsingInvalidUsernameAndValidPassword" time="0.0">
    <ignored/>
  </testcase> <!-- verifyTheUserIsAbleToLoginUsingInvalidUsernameAndValidPassword -->
</testsuite> <!-- test -->
